template-app/build/intermediates/manifest_merge_blame_file/release/processReleaseMainManifest/manifest-merger-blame-release-report.txt
1<?xml version="1.0" encoding="utf-8"?>
2<manifest xmlns:android="http://schemas.android.com/apk/res/android"
3    package="com.kian.perficontemplate"
4    android:versionCode="1"
5    android:versionName="1.0" >
6
7    <uses-sdk
7-->INJECTED
8        android:minSdkVersion="26"
8-->INJECTED
9        android:targetSdkVersion="36" />
9-->INJECTED
10
11    <permission
11-->[androidx.core:core:1.16.0] AndroidManifest.xml:22:5-24:47
12        android:name="com.kian.perficontemplate.DYNAMIC_RECEIVER_NOT_EXPORTED_PERMISSION"
12-->[androidx.core:core:1.16.0] AndroidManifest.xml:23:9-81
13        android:protectionLevel="signature" />
13-->[androidx.core:core:1.16.0] AndroidManifest.xml:24:9-44
14
15    <uses-permission android:name="com.kian.perficontemplate.DYNAMIC_RECEIVER_NOT_EXPORTED_PERMISSION" />
15-->[androidx.core:core:1.16.0] AndroidManifest.xml:26:5-97
15-->[androidx.core:core:1.16.0] AndroidManifest.xml:26:22-94
16
17    <application
17-->src\main\AndroidManifest.xml:4:5-54:19
18        android:allowBackup="true"
18-->src\main\AndroidManifest.xml:5:9-35
19        android:appComponentFactory="androidx.core.app.CoreComponentFactory"
19-->[androidx.core:core:1.16.0] AndroidManifest.xml:28:18-86
20        android:extractNativeLibs="false"
20-->INJECTED
21        android:icon="@mipmap/ic_launcher"
21-->src\main\AndroidManifest.xml:6:9-43
22        android:label="@string/app_name"
22-->src\main\AndroidManifest.xml:7:9-41
23        android:roundIcon="@mipmap/ic_launcher"
23-->src\main\AndroidManifest.xml:8:9-48
24        android:supportsRtl="true"
24-->src\main\AndroidManifest.xml:9:9-35
25        android:theme="@style/Theme.PerficonTemplate" >
25-->src\main\AndroidManifest.xml:10:9-54
26        <activity
26-->src\main\AndroidManifest.xml:12:9-52:20
27            android:name="com.kian.perficontemplate.MainActivity"
27-->src\main\AndroidManifest.xml:13:13-66
28            android:exported="true" >
28-->src\main\AndroidManifest.xml:14:13-36
29            <intent-filter>
29-->src\main\AndroidManifest.xml:15:13-20:29
30                <action android:name="android.intent.action.MAIN" />
30-->src\main\AndroidManifest.xml:16:17-69
30-->src\main\AndroidManifest.xml:16:25-66
31
32                <category android:name="android.intent.category.LAUNCHER" />
32-->src\main\AndroidManifest.xml:17:17-77
32-->src\main\AndroidManifest.xml:17:27-74
33                <!-- Recognized by icon-pack-aware launchers (Nova, Lawnchair, etc.) -->
34                <category android:name="android.intent.category.THEME_CHOOSER" />
34-->src\main\AndroidManifest.xml:19:17-82
34-->src\main\AndroidManifest.xml:19:27-79
35            </intent-filter>
36            <!-- Discovery intent filters for various launchers -->
37            <intent-filter>
37-->src\main\AndroidManifest.xml:22:13-25:29
38                <action android:name="org.adw.launcher.THEMES" />
38-->src\main\AndroidManifest.xml:23:17-66
38-->src\main\AndroidManifest.xml:23:25-63
39
40                <category android:name="android.intent.category.DEFAULT" />
40-->src\main\AndroidManifest.xml:24:17-76
40-->src\main\AndroidManifest.xml:24:27-73
41            </intent-filter>
42            <intent-filter>
42-->src\main\AndroidManifest.xml:26:13-29:29
43                <action android:name="com.anddoes.launcher.THEME" />
43-->src\main\AndroidManifest.xml:27:17-69
43-->src\main\AndroidManifest.xml:27:25-66
44
45                <category android:name="android.intent.category.DEFAULT" />
45-->src\main\AndroidManifest.xml:24:17-76
45-->src\main\AndroidManifest.xml:24:27-73
46            </intent-filter>
47            <intent-filter>
47-->src\main\AndroidManifest.xml:30:13-33:29
48                <action android:name="com.novalauncher.THEME" />
48-->src\main\AndroidManifest.xml:31:17-65
48-->src\main\AndroidManifest.xml:31:25-62
49
50                <category android:name="android.intent.category.DEFAULT" />
50-->src\main\AndroidManifest.xml:24:17-76
50-->src\main\AndroidManifest.xml:24:27-73
51            </intent-filter>
52            <intent-filter>
52-->src\main\AndroidManifest.xml:34:13-37:29
53                <action android:name="com.teslacoilsw.launcher.THEME" />
53-->src\main\AndroidManifest.xml:35:17-73
53-->src\main\AndroidManifest.xml:35:25-70
54
55                <category android:name="android.intent.category.DEFAULT" />
55-->src\main\AndroidManifest.xml:24:17-76
55-->src\main\AndroidManifest.xml:24:27-73
56            </intent-filter>
57            <intent-filter>
57-->src\main\AndroidManifest.xml:38:13-41:29
58                <action android:name="com.fede.launcher.THEME_ICONPACK" />
58-->src\main\AndroidManifest.xml:39:17-75
58-->src\main\AndroidManifest.xml:39:25-72
59
60                <category android:name="android.intent.category.DEFAULT" />
60-->src\main\AndroidManifest.xml:24:17-76
60-->src\main\AndroidManifest.xml:24:27-73
61            </intent-filter>
62            <intent-filter>
62-->src\main\AndroidManifest.xml:42:13-45:29
63                <action android:name="com.sec.android.intent.action.SUPPORT_THEME" />
63-->src\main\AndroidManifest.xml:43:17-86
63-->src\main\AndroidManifest.xml:43:25-83
64
65                <category android:name="android.intent.category.DEFAULT" />
65-->src\main\AndroidManifest.xml:24:17-76
65-->src\main\AndroidManifest.xml:24:27-73
66            </intent-filter>
67
68            <!-- CandyBar-compatible icon pack metadata -->
69            <meta-data
69-->src\main\AndroidManifest.xml:48:13-49:53
70                android:name="org.adw.ActivityTweaks.THEME"
70-->src\main\AndroidManifest.xml:48:24-67
71                android:resource="@xml/appfilter" />
71-->src\main\AndroidManifest.xml:49:17-50
72            <meta-data
72-->src\main\AndroidManifest.xml:50:13-51:53
73                android:name="com.novalauncher.THEME"
73-->src\main\AndroidManifest.xml:50:24-61
74                android:resource="@xml/appfilter" />
74-->src\main\AndroidManifest.xml:51:17-50
75        </activity>
76
77        <provider
77-->[androidx.emoji2:emoji2:1.4.0] AndroidManifest.xml:24:9-32:20
78            android:name="androidx.startup.InitializationProvider"
78-->[androidx.emoji2:emoji2:1.4.0] AndroidManifest.xml:25:13-67
79            android:authorities="com.kian.perficontemplate.androidx-startup"
79-->[androidx.emoji2:emoji2:1.4.0] AndroidManifest.xml:26:13-68
80            android:exported="false" >
80-->[androidx.emoji2:emoji2:1.4.0] AndroidManifest.xml:27:13-37
81            <meta-data
81-->[androidx.emoji2:emoji2:1.4.0] AndroidManifest.xml:29:13-31:52
82                android:name="androidx.emoji2.text.EmojiCompatInitializer"
82-->[androidx.emoji2:emoji2:1.4.0] AndroidManifest.xml:30:17-75
83                android:value="androidx.startup" />
83-->[androidx.emoji2:emoji2:1.4.0] AndroidManifest.xml:31:17-49
84            <meta-data
84-->[androidx.lifecycle:lifecycle-process:2.9.4] AndroidManifest.xml:29:13-31:52
85                android:name="androidx.lifecycle.ProcessLifecycleInitializer"
85-->[androidx.lifecycle:lifecycle-process:2.9.4] AndroidManifest.xml:30:17-78
86                android:value="androidx.startup" />
86-->[androidx.lifecycle:lifecycle-process:2.9.4] AndroidManifest.xml:31:17-49
87            <meta-data
87-->[androidx.profileinstaller:profileinstaller:1.4.0] AndroidManifest.xml:29:13-31:52
88                android:name="androidx.profileinstaller.ProfileInstallerInitializer"
88-->[androidx.profileinstaller:profileinstaller:1.4.0] AndroidManifest.xml:30:17-85
89                android:value="androidx.startup" />
89-->[androidx.profileinstaller:profileinstaller:1.4.0] AndroidManifest.xml:31:17-49
90        </provider>
91
92        <uses-library
92-->[androidx.window:window:1.5.0] AndroidManifest.xml:23:9-25:40
93            android:name="androidx.window.extensions"
93-->[androidx.window:window:1.5.0] AndroidManifest.xml:24:13-54
94            android:required="false" />
94-->[androidx.window:window:1.5.0] AndroidManifest.xml:25:13-37
95        <uses-library
95-->[androidx.window:window:1.5.0] AndroidManifest.xml:26:9-28:40
96            android:name="androidx.window.sidecar"
96-->[androidx.window:window:1.5.0] AndroidManifest.xml:27:13-51
97            android:required="false" />
97-->[androidx.window:window:1.5.0] AndroidManifest.xml:28:13-37
98
99        <receiver
99-->[androidx.profileinstaller:profileinstaller:1.4.0] AndroidManifest.xml:34:9-52:20
100            android:name="androidx.profileinstaller.ProfileInstallReceiver"
100-->[androidx.profileinstaller:profileinstaller:1.4.0] AndroidManifest.xml:35:13-76
101            android:directBootAware="false"
101-->[androidx.profileinstaller:profileinstaller:1.4.0] AndroidManifest.xml:36:13-44
102            android:enabled="true"
102-->[androidx.profileinstaller:profileinstaller:1.4.0] AndroidManifest.xml:37:13-35
103            android:exported="true"
103-->[androidx.profileinstaller:profileinstaller:1.4.0] AndroidManifest.xml:38:13-36
104            android:permission="android.permission.DUMP" >
104-->[androidx.profileinstaller:profileinstaller:1.4.0] AndroidManifest.xml:39:13-57
105            <intent-filter>
105-->[androidx.profileinstaller:profileinstaller:1.4.0] AndroidManifest.xml:40:13-42:29
106                <action android:name="androidx.profileinstaller.action.INSTALL_PROFILE" />
106-->[androidx.profileinstaller:profileinstaller:1.4.0] AndroidManifest.xml:41:17-91
106-->[androidx.profileinstaller:profileinstaller:1.4.0] AndroidManifest.xml:41:25-88
107            </intent-filter>
108            <intent-filter>
108-->[androidx.profileinstaller:profileinstaller:1.4.0] AndroidManifest.xml:43:13-45:29
109                <action android:name="androidx.profileinstaller.action.SKIP_FILE" />
109-->[androidx.profileinstaller:profileinstaller:1.4.0] AndroidManifest.xml:44:17-85
109-->[androidx.profileinstaller:profileinstaller:1.4.0] AndroidManifest.xml:44:25-82
110            </intent-filter>
111            <intent-filter>
111-->[androidx.profileinstaller:profileinstaller:1.4.0] AndroidManifest.xml:46:13-48:29
112                <action android:name="androidx.profileinstaller.action.SAVE_PROFILE" />
112-->[androidx.profileinstaller:profileinstaller:1.4.0] AndroidManifest.xml:47:17-88
112-->[androidx.profileinstaller:profileinstaller:1.4.0] AndroidManifest.xml:47:25-85
113            </intent-filter>
114            <intent-filter>
114-->[androidx.profileinstaller:profileinstaller:1.4.0] AndroidManifest.xml:49:13-51:29
115                <action android:name="androidx.profileinstaller.action.BENCHMARK_OPERATION" />
115-->[androidx.profileinstaller:profileinstaller:1.4.0] AndroidManifest.xml:50:17-95
115-->[androidx.profileinstaller:profileinstaller:1.4.0] AndroidManifest.xml:50:25-92
116            </intent-filter>
117        </receiver>
118    </application>
119
120</manifest>